<?xml version="1.0" encoding="UTF-8"?>
<testsuite name="TestPilha" tests="4" skipped="0" failures="0" errors="0" timestamp="2020-09-05T01:35:14" hostname="DESKTOP-ONI4MVH" time="0.005">
  <properties/>
  <testcase name="empilhaDoisDesempilhaUmElemento" classname="TestPilha" time="0.004"/>
  <testcase name="pilhaVazia" classname="TestPilha" time="0.0"/>
  <testcase name="empilhaDoisElementos" classname="TestPilha" time="0.0"/>
  <testcase name="empilhaUmElemento" classname="TestPilha" time="0.0"/>
  <system-out><![CDATA[empilhaDoisElemento 1
pilhaVazia 0
empilhaDoisElemento 2
empilhaUmElemento 1
]]></system-out>
  <system-err><![CDATA[]]></system-err>
</testsuite>
